<?xml version="1.0" encoding="UTF-8"?>
<testsuite name="com.aor.numbers.ListSorterTest" tests="2" skipped="0" failures="0" errors="0" timestamp="2022-12-14T21:40:26" hostname="DESKTOP-5S8HCDK" time="0.021">
  <properties/>
  <testcase name="sort()" classname="com.aor.numbers.ListSorterTest" time="0.019"/>
  <testcase name="bug_sort_8276()" classname="com.aor.numbers.ListSorterTest" time="0.001"/>
  <system-out><![CDATA[]]></system-out>
  <system-err><![CDATA[]]></system-err>
</testsuite>
