<?xml version="1.0" encoding="UTF-8"?>
<testsuite name="com.aor.numbers.ListSorterTest" tests="2" skipped="0" failures="0" errors="0" timestamp="2022-12-14T22:29:19" hostname="DESKTOP-5S8HCDK" time="0.381">
  <properties/>
  <testcase name="sort()" classname="com.aor.numbers.ListSorterTest" time="0.02"/>
  <testcase name="bug_sort_8276()" classname="com.aor.numbers.ListSorterTest" time="0.36"/>
  <system-out><![CDATA[]]></system-out>
  <system-err><![CDATA[]]></system-err>
</testsuite>
